2024-11-24 06:19:10 [ERROR]: Erro no Activity Logger: Token inválido!
2024-11-24 06:19:10 [ERROR]: Erro no Activity Logger: Token inválido!
2024-11-24 06:19:10 [ERROR]: Erro no Activity Logger: Token inválido!
2024-11-24 06:19:10 [ERROR]: Erro no Activity Logger: Token inválido!
2024-11-24 06:19:10 [ERROR]: Erro no Activity Logger: Token inválido!
2024-11-24 06:19:10 [ERROR]: Erro no Activity Logger: Token inválido!
2024-11-24 06:19:57 [ERROR]: Erro no Activity Logger: Token inválido!
2024-11-24 06:19:57 [ERROR]: Erro ao buscar empresas do usuário: Token inválido!
2024-11-24 06:19:57 [ERROR]: Erro no Activity Logger: Token inválido!
2024-11-24 06:19:57 [ERROR]: Erro ao buscar empresas do usuário: Token inválido!
2024-11-24 06:20:29 [ERROR]: Erro no Activity Logger: secret or public key must be provided
2024-11-24 06:20:29 [ERROR]: Erro no Activity Logger: secret or public key must be provided
2024-11-24 06:20:30 [ERROR]: Erro no Activity Logger: secret or public key must be provided
2024-11-24 06:20:30 [ERROR]: Erro ao buscar empresas do usuário: secret or public key must be provided
2024-11-24 06:20:30 [ERROR]: Erro no Activity Logger: secret or public key must be provided
2024-11-24 06:20:30 [ERROR]: Erro ao buscar empresas do usuário: secret or public key must be provided
2024-11-24 06:32:51 [ERROR]: Erro no Activity Logger: Token inválido ou expirado.
2024-11-24 06:32:51 [ERROR]: Erro no Activity Logger: Token inválido ou expirado.
2024-11-24 06:32:52 [ERROR]: Erro no Activity Logger: Token inválido ou expirado.
2024-11-24 06:32:52 [ERROR]: Erro ao buscar empresas do usuário: Token inválido ou expirado.
2024-11-24 06:32:52 [ERROR]: Erro no Activity Logger: Token inválido ou expirado.
2024-11-24 06:32:52 [ERROR]: Erro ao buscar empresas do usuário: Token inválido ou expirado.
2024-11-24 06:32:53 [ERROR]: Erro no Activity Logger: Token inválido ou expirado.
2024-11-24 06:32:53 [ERROR]: Erro no Activity Logger: Token inválido ou expirado.
2024-11-24 06:32:53 [ERROR]: Erro no Activity Logger: Token inválido ou expirado.
2024-11-24 06:32:54 [ERROR]: Erro no Activity Logger: Token inválido ou expirado.
2024-11-24 06:32:54 [ERROR]: Erro no Activity Logger: Token inválido ou expirado.
2024-11-24 06:32:54 [ERROR]: Erro no Activity Logger: Token inválido ou expirado.
2024-11-24 06:33:16 [ERROR]: Erro no Activity Logger: Token inválido ou expirado.
2024-11-24 06:33:16 [ERROR]: Erro no Activity Logger: Token inválido ou expirado.
2024-11-24 06:33:16 [ERROR]: Erro no Activity Logger: Token inválido ou expirado.
2024-11-24 06:33:16 [ERROR]: Erro no Activity Logger: Token inválido ou expirado.
2024-11-24 06:33:16 [ERROR]: Erro no Activity Logger: Token inválido ou expirado.
2024-11-24 06:33:16 [ERROR]: Erro no Activity Logger: Token inválido ou expirado.
2024-11-24 06:33:16 [ERROR]: Erro no Activity Logger: Token inválido ou expirado.
2024-11-24 06:33:26 [ERROR]: Erro no Activity Logger: Token inválido ou expirado.
2024-11-24 06:33:26 [ERROR]: Erro ao buscar empresas do usuário: Token inválido ou expirado.
2024-11-24 06:33:26 [ERROR]: Erro no Activity Logger: Token inválido ou expirado.
2024-11-24 06:33:26 [ERROR]: Erro ao buscar empresas do usuário: Token inválido ou expirado.
2024-11-24 06:33:27 [ERROR]: Erro no Activity Logger: Token inválido ou expirado.
2024-11-24 06:33:27 [ERROR]: Erro no Activity Logger: Token inválido ou expirado.
2024-11-24 06:33:28 [ERROR]: Erro no Activity Logger: Token inválido ou expirado.
2024-11-24 06:33:28 [ERROR]: Erro ao buscar empresas do usuário: Token inválido ou expirado.
2024-11-24 06:33:28 [ERROR]: Erro no Activity Logger: Token inválido ou expirado.
2024-11-24 06:33:28 [ERROR]: Erro ao buscar empresas do usuário: Token inválido ou expirado.
2024-11-24 06:33:34 [ERROR]: Erro no Activity Logger: Token inválido ou expirado.
2024-11-24 06:33:34 [ERROR]: Erro no Activity Logger: Token inválido ou expirado.
2024-11-24 06:33:35 [ERROR]: Erro no Activity Logger: Token inválido ou expirado.
2024-11-24 06:33:35 [ERROR]: Erro ao buscar empresas do usuário: Token inválido ou expirado.
2024-11-24 06:33:35 [ERROR]: Erro no Activity Logger: Token inválido ou expirado.
2024-11-24 06:33:35 [ERROR]: Erro ao buscar empresas do usuário: Token inválido ou expirado.
2024-11-24 06:39:10 [ERROR]: Erro no Activity Logger: Token inválido ou expirado.
2024-11-24 06:39:11 [ERROR]: Erro no Activity Logger: Token inválido ou expirado.
2024-11-24 06:39:11 [ERROR]: Erro no Activity Logger: Token inválido ou expirado.
2024-11-24 06:39:11 [ERROR]: Erro ao buscar empresas do usuário: Token inválido ou expirado.
2024-11-24 06:39:11 [ERROR]: Erro no Activity Logger: Token inválido ou expirado.
2024-11-24 06:39:11 [ERROR]: Erro ao buscar empresas do usuário: Token inválido ou expirado.
2024-11-24 06:41:29 [ERROR]: getUserByToken: Erro na verificação do token - secret or public key must be provided
2024-11-24 06:41:29 [ERROR]: Erro no Activity Logger: Token inválido ou expirado.
2024-11-24 06:41:29 [ERROR]: getUserByToken: Erro na verificação do token - secret or public key must be provided
2024-11-24 06:41:29 [ERROR]: Erro no Activity Logger: Token inválido ou expirado.
2024-11-24 06:41:30 [ERROR]: getUserByToken: Erro na verificação do token - secret or public key must be provided
2024-11-24 06:41:30 [ERROR]: Erro no Activity Logger: Token inválido ou expirado.
2024-11-24 06:41:30 [ERROR]: getUserByToken: Erro na verificação do token - secret or public key must be provided
2024-11-24 06:41:30 [ERROR]: Erro ao buscar empresas do usuário: Token inválido ou expirado.
2024-11-24 06:41:30 [ERROR]: getUserByToken: Erro na verificação do token - secret or public key must be provided
2024-11-24 06:41:30 [ERROR]: Erro no Activity Logger: Token inválido ou expirado.
2024-11-24 06:41:30 [ERROR]: getUserByToken: Erro na verificação do token - secret or public key must be provided
2024-11-24 06:41:30 [ERROR]: Erro ao buscar empresas do usuário: Token inválido ou expirado.
2024-11-24 06:42:43 [ERROR]: getUserByToken: Erro na verificação do token - secret or public key must be provided
2024-11-24 06:42:43 [ERROR]: Erro no Activity Logger: Token inválido ou expirado.
2024-11-24 06:42:43 [ERROR]: getUserByToken: Erro na verificação do token - secret or public key must be provided
2024-11-24 06:42:43 [ERROR]: Erro no Activity Logger: Token inválido ou expirado.
2024-11-24 06:42:43 [ERROR]: getUserByToken: Erro na verificação do token - secret or public key must be provided
2024-11-24 06:42:43 [ERROR]: Erro no Activity Logger: Token inválido ou expirado.
2024-11-24 06:42:43 [ERROR]: getUserByToken: Erro na verificação do token - secret or public key must be provided
2024-11-24 06:42:43 [ERROR]: Erro ao buscar empresas do usuário: Token inválido ou expirado.
2024-11-24 06:42:43 [ERROR]: getUserByToken: Erro na verificação do token - secret or public key must be provided
2024-11-24 06:42:43 [ERROR]: Erro no Activity Logger: Token inválido ou expirado.
2024-11-24 06:42:43 [ERROR]: getUserByToken: Erro na verificação do token - secret or public key must be provided
2024-11-24 06:42:43 [ERROR]: Erro ao buscar empresas do usuário: Token inválido ou expirado.
2024-11-24 06:43:40 [ERROR]: getUserByToken: Erro na verificação do token - secret or public key must be provided secret: undefined
2024-11-24 06:43:40 [ERROR]: Erro no Activity Logger: Token inválido ou expirado.
2024-11-24 06:43:40 [ERROR]: getUserByToken: Erro na verificação do token - secret or public key must be provided secret: undefined
2024-11-24 06:43:40 [ERROR]: Erro no Activity Logger: Token inválido ou expirado.
2024-11-24 06:43:40 [ERROR]: getUserByToken: Erro na verificação do token - secret or public key must be provided secret: undefined
2024-11-24 06:43:40 [ERROR]: Erro no Activity Logger: Token inválido ou expirado.
2024-11-24 06:43:40 [ERROR]: getUserByToken: Erro na verificação do token - secret or public key must be provided secret: undefined
2024-11-24 06:43:40 [ERROR]: Erro no Activity Logger: Token inválido ou expirado.
2024-11-24 06:43:40 [ERROR]: getUserByToken: Erro na verificação do token - secret or public key must be provided secret: undefined
2024-11-24 06:43:40 [ERROR]: Erro no Activity Logger: Token inválido ou expirado.
2024-11-24 06:43:40 [ERROR]: getUserByToken: Erro na verificação do token - secret or public key must be provided secret: undefined
2024-11-24 06:43:40 [ERROR]: Erro no Activity Logger: Token inválido ou expirado.
2024-11-24 06:43:41 [ERROR]: getUserByToken: Erro na verificação do token - secret or public key must be provided secret: undefined
2024-11-24 06:43:41 [ERROR]: Erro no Activity Logger: Token inválido ou expirado.
2024-11-24 06:43:41 [ERROR]: getUserByToken: Erro na verificação do token - secret or public key must be provided secret: undefined
2024-11-24 06:43:41 [ERROR]: Erro ao buscar empresas do usuário: Token inválido ou expirado.
2024-11-24 06:43:41 [ERROR]: getUserByToken: Erro na verificação do token - secret or public key must be provided secret: undefined
2024-11-24 06:43:41 [ERROR]: Erro no Activity Logger: Token inválido ou expirado.
2024-11-24 06:43:41 [ERROR]: getUserByToken: Erro na verificação do token - secret or public key must be provided secret: undefined
2024-11-24 06:43:41 [ERROR]: Erro ao buscar empresas do usuário: Token inválido ou expirado.
2024-11-24 06:46:05 [ERROR]: getUserByToken: Erro na verificação do token - secret or public key must be provided secret: undefined
2024-11-24 06:46:05 [ERROR]: Erro no Activity Logger: Token inválido ou expirado.
2024-11-24 06:46:05 [ERROR]: getUserByToken: Erro na verificação do token - secret or public key must be provided secret: undefined
2024-11-24 06:46:05 [ERROR]: Erro no Activity Logger: Token inválido ou expirado.
2024-11-24 06:46:05 [ERROR]: getUserByToken: Erro na verificação do token - secret or public key must be provided secret: undefined
2024-11-24 06:46:05 [ERROR]: Erro no Activity Logger: Token inválido ou expirado.
2024-11-24 06:46:05 [ERROR]: getUserByToken: Erro na verificação do token - secret or public key must be provided secret: undefined
2024-11-24 06:46:05 [ERROR]: Erro no Activity Logger: Token inválido ou expirado.
2024-11-24 06:46:05 [ERROR]: getUserByToken: Erro na verificação do token - secret or public key must be provided secret: undefined
2024-11-24 06:46:05 [ERROR]: Erro no Activity Logger: Token inválido ou expirado.
2024-11-24 06:46:05 [ERROR]: getUserByToken: Erro na verificação do token - secret or public key must be provided secret: undefined
2024-11-24 06:46:05 [ERROR]: Erro no Activity Logger: Token inválido ou expirado.
2024-11-24 06:46:05 [ERROR]: getUserByToken: Erro na verificação do token - secret or public key must be provided secret: undefined
2024-11-24 06:46:05 [ERROR]: Erro no Activity Logger: Token inválido ou expirado.
2024-11-24 06:46:09 [ERROR]: getUserByToken: Erro na verificação do token - secret or public key must be provided secret: undefined
2024-11-24 06:46:09 [ERROR]: Erro no Activity Logger: Token inválido ou expirado.
2024-11-24 06:46:09 [ERROR]: getUserByToken: Erro na verificação do token - secret or public key must be provided secret: undefined
2024-11-24 06:46:09 [ERROR]: Erro no Activity Logger: Token inválido ou expirado.
2024-11-24 06:46:10 [ERROR]: getUserByToken: Erro na verificação do token - secret or public key must be provided secret: undefined
2024-11-24 06:46:10 [ERROR]: Erro no Activity Logger: Token inválido ou expirado.
2024-11-24 06:46:10 [ERROR]: getUserByToken: Erro na verificação do token - secret or public key must be provided secret: undefined
2024-11-24 06:46:10 [ERROR]: Erro ao buscar empresas do usuário: Token inválido ou expirado.
2024-11-24 06:46:10 [ERROR]: getUserByToken: Erro na verificação do token - secret or public key must be provided secret: undefined
2024-11-24 06:46:10 [ERROR]: Erro no Activity Logger: Token inválido ou expirado.
2024-11-24 06:46:10 [ERROR]: getUserByToken: Erro na verificação do token - secret or public key must be provided secret: undefined
2024-11-24 06:46:10 [ERROR]: Erro ao buscar empresas do usuário: Token inválido ou expirado.
